<?xml version="1.0" encoding="UTF-8"?>
<!-- Generated by org.testng.reporters.JUnitReportReporter -->
<testsuite ignored="0" hostname="Ankits-MacBook-Air.local" failures="0" tests="1" name="org.testing.TestScripts.TC6_DeleteRequest" time="0.053" errors="0" timestamp="21 Nov 2021 12:52:53 GMT" skipped="0">
  <testcase classname="org.testing.TestScripts.TC6_DeleteRequest" name="SixthTC" time="0.053"/>
</testsuite> <!-- org.testing.TestScripts.TC6_DeleteRequest -->
