<?xml version="1.0" encoding="UTF-8"?>
<!-- Generated by org.testng.reporters.JUnitReportReporter -->
<testsuite ignored="0" hostname="Ankits-MacBook-Air.local" failures="0" tests="1" name="org.testing.TestScripts.TC2_GetRequest" time="0.082" errors="0" timestamp="21 Nov 2021 12:52:53 GMT" skipped="0">
  <testcase classname="org.testing.TestScripts.TC2_GetRequest" name="SecondTC" time="0.082"/>
</testsuite> <!-- org.testing.TestScripts.TC2_GetRequest -->
